2015-10-30 09:34:53,745 [Worker-3] INFO  o.e.m.c.i.l.LifecycleMappingFactory - Using org.eclipse.m2e.jdt.JarLifecycleMapping lifecycle mapping for MavenProject: group1:encryptor1:0.0.1-SNAPSHOT @ C:\Users\user\Documents\IAF Basic Training\encryptor1\pom.xml.
2015-10-30 09:34:54,802 [Worker-2] INFO  o.e.m.c.i.l.LifecycleMappingFactory - Using org.eclipse.m2e.jdt.JarLifecycleMapping lifecycle mapping for MavenProject: group1:encryptor1:0.0.1-SNAPSHOT @ C:\Users\user\Documents\IAF Basic Training\encryptor1\pom.xml.
2015-10-30 09:34:56,409 [Worker-3] INFO  o.e.m.j.i.AbstractJavaProjectConfigurator - Adding source folder /encryptor1/src/main/java
2015-10-30 09:34:56,409 [Worker-3] INFO  o.e.m.j.i.AbstractJavaProjectConfigurator - Adding resource folder /encryptor1/src/main/resources
2015-10-30 09:34:56,410 [Worker-3] INFO  o.e.m.j.i.AbstractJavaProjectConfigurator - Adding source folder /encryptor1/src/test/java
2015-10-30 09:34:56,410 [Worker-3] INFO  o.e.m.j.i.AbstractJavaProjectConfigurator - Adding resource folder /encryptor1/src/test/resources
2015-10-30 09:34:56,544 [Worker-3] INFO  o.e.m.c.i.p.ProjectConfigurationManager - Imported and configured 1 project(s) in 12 sec
2015-10-30 09:39:12,297 [Worker-4] INFO  o.e.m.c.i.l.LifecycleMappingFactory - Using org.eclipse.m2e.jdt.JarLifecycleMapping lifecycle mapping for MavenProject: group1:encryptor1:0.0.1-SNAPSHOT @ C:\Users\user\Documents\IAF Basic Training\encryptor1\pom.xml.
2015-10-30 09:39:14,114 [Worker-0] WARN  o.e.m.c.i.embedder.EclipseLogger - Using platform encoding (Cp1255 actually) to copy filtered resources, i.e. build is platform dependent!
2015-10-30 09:39:14,123 [Worker-0] INFO  o.e.m.c.i.embedder.EclipseLogger - Copying 1 resource
2015-10-30 09:39:14,142 [Worker-0] WARN  o.e.m.c.i.embedder.EclipseLogger - Using platform encoding (Cp1255 actually) to copy filtered resources, i.e. build is platform dependent!
2015-10-30 09:39:14,143 [Worker-0] INFO  o.e.m.c.i.embedder.EclipseLogger - Copying 0 resource
2015-10-30 09:39:16,620 [Worker-1] WARN  o.e.m.c.i.embedder.EclipseLogger - Using platform encoding (Cp1255 actually) to copy filtered resources, i.e. build is platform dependent!
2015-10-30 09:39:16,622 [Worker-1] INFO  o.e.m.c.i.embedder.EclipseLogger - Copying 0 resource
2015-10-30 09:39:16,626 [Worker-1] WARN  o.e.m.c.i.embedder.EclipseLogger - Using platform encoding (Cp1255 actually) to copy filtered resources, i.e. build is platform dependent!
2015-10-30 09:39:16,627 [Worker-1] INFO  o.e.m.c.i.embedder.EclipseLogger - Copying 0 resource
2015-10-30 09:39:27,808 [Worker-2] INFO  o.e.m.c.i.l.LifecycleMappingFactory - Using org.eclipse.m2e.jdt.JarLifecycleMapping lifecycle mapping for MavenProject: group1:encryptor1:0.0.1-SNAPSHOT @ C:\Users\user\Documents\IAF Basic Training\encryptor1\pom.xml.
2015-10-30 09:39:27,918 [Worker-2] WARN  o.e.m.c.i.embedder.EclipseLogger - Using platform encoding (Cp1255 actually) to copy filtered resources, i.e. build is platform dependent!
2015-10-30 09:39:27,921 [Worker-2] INFO  o.e.m.c.i.embedder.EclipseLogger - Copying 1 resource
2015-10-30 09:39:27,924 [Worker-2] WARN  o.e.m.c.i.embedder.EclipseLogger - Using platform encoding (Cp1255 actually) to copy filtered resources, i.e. build is platform dependent!
2015-10-30 09:39:27,926 [Worker-2] INFO  o.e.m.c.i.embedder.EclipseLogger - Copying 0 resource
2015-10-30 09:44:32,424 [Worker-0] WARN  o.e.m.c.i.embedder.EclipseLogger - Using platform encoding (Cp1255 actually) to copy filtered resources, i.e. build is platform dependent!
2015-10-30 09:44:32,426 [Worker-0] INFO  o.e.m.c.i.embedder.EclipseLogger - Copying 1 resource
2015-10-30 09:44:32,427 [Worker-0] WARN  o.e.m.c.i.embedder.EclipseLogger - Using platform encoding (Cp1255 actually) to copy filtered resources, i.e. build is platform dependent!
2015-10-30 09:44:32,428 [Worker-0] INFO  o.e.m.c.i.embedder.EclipseLogger - Copying 0 resource
2015-10-30 09:46:14,928 [Worker-2] WARN  o.e.m.c.i.embedder.EclipseLogger - Using platform encoding (Cp1255 actually) to copy filtered resources, i.e. build is platform dependent!
2015-10-30 09:46:14,929 [Worker-2] INFO  o.e.m.c.i.embedder.EclipseLogger - Copying 0 resource
2015-10-30 09:46:14,931 [Worker-2] WARN  o.e.m.c.i.embedder.EclipseLogger - Using platform encoding (Cp1255 actually) to copy filtered resources, i.e. build is platform dependent!
2015-10-30 09:46:14,932 [Worker-2] INFO  o.e.m.c.i.embedder.EclipseLogger - Copying 0 resource
2015-10-30 09:46:31,738 [Worker-8] WARN  o.e.m.c.i.embedder.EclipseLogger - Using platform encoding (Cp1255 actually) to copy filtered resources, i.e. build is platform dependent!
2015-10-30 09:46:31,739 [Worker-8] INFO  o.e.m.c.i.embedder.EclipseLogger - Copying 0 resource
2015-10-30 09:46:31,741 [Worker-8] WARN  o.e.m.c.i.embedder.EclipseLogger - Using platform encoding (Cp1255 actually) to copy filtered resources, i.e. build is platform dependent!
2015-10-30 09:46:31,743 [Worker-8] INFO  o.e.m.c.i.embedder.EclipseLogger - Copying 0 resource
2015-10-30 09:48:10,195 [Worker-9] WARN  o.e.m.c.i.embedder.EclipseLogger - Using platform encoding (Cp1255 actually) to copy filtered resources, i.e. build is platform dependent!
2015-10-30 09:48:10,196 [Worker-9] INFO  o.e.m.c.i.embedder.EclipseLogger - Copying 1 resource
2015-10-30 09:48:10,198 [Worker-9] WARN  o.e.m.c.i.embedder.EclipseLogger - Using platform encoding (Cp1255 actually) to copy filtered resources, i.e. build is platform dependent!
2015-10-30 09:48:10,199 [Worker-9] INFO  o.e.m.c.i.embedder.EclipseLogger - Copying 0 resource
2015-10-30 09:48:52,979 [Worker-9] WARN  o.e.m.c.i.embedder.EclipseLogger - Using platform encoding (Cp1255 actually) to copy filtered resources, i.e. build is platform dependent!
2015-10-30 09:48:52,981 [Worker-9] INFO  o.e.m.c.i.embedder.EclipseLogger - Copying 0 resource
2015-10-30 09:48:52,985 [Worker-9] WARN  o.e.m.c.i.embedder.EclipseLogger - Using platform encoding (Cp1255 actually) to copy filtered resources, i.e. build is platform dependent!
2015-10-30 09:48:52,991 [Worker-9] INFO  o.e.m.c.i.embedder.EclipseLogger - Copying 0 resource
2015-10-30 09:50:00,247 [Worker-9] WARN  o.e.m.c.i.embedder.EclipseLogger - Using platform encoding (Cp1255 actually) to copy filtered resources, i.e. build is platform dependent!
2015-10-30 09:50:00,249 [Worker-9] INFO  o.e.m.c.i.embedder.EclipseLogger - Copying 1 resource
2015-10-30 09:50:00,250 [Worker-9] WARN  o.e.m.c.i.embedder.EclipseLogger - Using platform encoding (Cp1255 actually) to copy filtered resources, i.e. build is platform dependent!
2015-10-30 09:50:00,251 [Worker-9] INFO  o.e.m.c.i.embedder.EclipseLogger - Copying 0 resource
2015-10-30 09:50:08,978 [Worker-11] WARN  o.e.m.c.i.embedder.EclipseLogger - Using platform encoding (Cp1255 actually) to copy filtered resources, i.e. build is platform dependent!
2015-10-30 09:50:08,981 [Worker-11] INFO  o.e.m.c.i.embedder.EclipseLogger - Copying 1 resource
2015-10-30 09:50:08,983 [Worker-11] WARN  o.e.m.c.i.embedder.EclipseLogger - Using platform encoding (Cp1255 actually) to copy filtered resources, i.e. build is platform dependent!
2015-10-30 09:50:08,984 [Worker-11] INFO  o.e.m.c.i.embedder.EclipseLogger - Copying 0 resource
2015-10-30 09:50:36,207 [Worker-8] WARN  o.e.m.c.i.embedder.EclipseLogger - Using platform encoding (Cp1255 actually) to copy filtered resources, i.e. build is platform dependent!
2015-10-30 09:50:36,208 [Worker-8] INFO  o.e.m.c.i.embedder.EclipseLogger - Copying 1 resource
2015-10-30 09:50:36,210 [Worker-8] WARN  o.e.m.c.i.embedder.EclipseLogger - Using platform encoding (Cp1255 actually) to copy filtered resources, i.e. build is platform dependent!
2015-10-30 09:50:36,210 [Worker-8] INFO  o.e.m.c.i.embedder.EclipseLogger - Copying 0 resource
2015-10-30 09:51:45,679 [Worker-0] WARN  o.e.m.c.i.embedder.EclipseLogger - Using platform encoding (Cp1255 actually) to copy filtered resources, i.e. build is platform dependent!
2015-10-30 09:51:45,681 [Worker-0] INFO  o.e.m.c.i.embedder.EclipseLogger - Copying 1 resource
2015-10-30 09:51:45,683 [Worker-0] WARN  o.e.m.c.i.embedder.EclipseLogger - Using platform encoding (Cp1255 actually) to copy filtered resources, i.e. build is platform dependent!
2015-10-30 09:51:45,685 [Worker-0] INFO  o.e.m.c.i.embedder.EclipseLogger - Copying 0 resource
2015-10-30 10:23:57,310 [Worker-15] WARN  o.e.m.c.i.embedder.EclipseLogger - Using platform encoding (Cp1255 actually) to copy filtered resources, i.e. build is platform dependent!
2015-10-30 10:23:57,327 [Worker-15] INFO  o.e.m.c.i.embedder.EclipseLogger - Copying 1 resource
2015-10-30 10:23:57,329 [Worker-15] WARN  o.e.m.c.i.embedder.EclipseLogger - Using platform encoding (Cp1255 actually) to copy filtered resources, i.e. build is platform dependent!
2015-10-30 10:23:57,331 [Worker-15] INFO  o.e.m.c.i.embedder.EclipseLogger - Copying 0 resource
2015-10-30 10:31:24,150 [Worker-16] WARN  o.e.m.c.i.embedder.EclipseLogger - Using platform encoding (Cp1255 actually) to copy filtered resources, i.e. build is platform dependent!
2015-10-30 10:31:24,152 [Worker-16] INFO  o.e.m.c.i.embedder.EclipseLogger - Copying 1 resource
2015-10-30 10:31:24,153 [Worker-16] WARN  o.e.m.c.i.embedder.EclipseLogger - Using platform encoding (Cp1255 actually) to copy filtered resources, i.e. build is platform dependent!
2015-10-30 10:31:24,157 [Worker-16] INFO  o.e.m.c.i.embedder.EclipseLogger - Copying 0 resource
2015-10-30 10:31:40,414 [Worker-7] WARN  o.e.m.c.i.embedder.EclipseLogger - Using platform encoding (Cp1255 actually) to copy filtered resources, i.e. build is platform dependent!
2015-10-30 10:31:40,417 [Worker-7] INFO  o.e.m.c.i.embedder.EclipseLogger - Copying 1 resource
2015-10-30 10:31:40,419 [Worker-7] WARN  o.e.m.c.i.embedder.EclipseLogger - Using platform encoding (Cp1255 actually) to copy filtered resources, i.e. build is platform dependent!
2015-10-30 10:31:40,420 [Worker-7] INFO  o.e.m.c.i.embedder.EclipseLogger - Copying 0 resource
2015-10-30 10:32:33,990 [Worker-18] WARN  o.e.m.c.i.embedder.EclipseLogger - Using platform encoding (Cp1255 actually) to copy filtered resources, i.e. build is platform dependent!
2015-10-30 10:32:33,992 [Worker-18] INFO  o.e.m.c.i.embedder.EclipseLogger - Copying 1 resource
2015-10-30 10:32:33,994 [Worker-18] WARN  o.e.m.c.i.embedder.EclipseLogger - Using platform encoding (Cp1255 actually) to copy filtered resources, i.e. build is platform dependent!
2015-10-30 10:32:33,997 [Worker-18] INFO  o.e.m.c.i.embedder.EclipseLogger - Copying 0 resource
2015-10-30 10:33:01,842 [Worker-7] WARN  o.e.m.c.i.embedder.EclipseLogger - Using platform encoding (Cp1255 actually) to copy filtered resources, i.e. build is platform dependent!
2015-10-30 10:33:01,844 [Worker-7] INFO  o.e.m.c.i.embedder.EclipseLogger - Copying 1 resource
2015-10-30 10:33:01,846 [Worker-7] WARN  o.e.m.c.i.embedder.EclipseLogger - Using platform encoding (Cp1255 actually) to copy filtered resources, i.e. build is platform dependent!
2015-10-30 10:33:01,847 [Worker-7] INFO  o.e.m.c.i.embedder.EclipseLogger - Copying 0 resource
2015-10-30 10:33:15,306 [Worker-16] WARN  o.e.m.c.i.embedder.EclipseLogger - Using platform encoding (Cp1255 actually) to copy filtered resources, i.e. build is platform dependent!
2015-10-30 10:33:15,307 [Worker-16] INFO  o.e.m.c.i.embedder.EclipseLogger - Copying 1 resource
2015-10-30 10:33:15,309 [Worker-16] WARN  o.e.m.c.i.embedder.EclipseLogger - Using platform encoding (Cp1255 actually) to copy filtered resources, i.e. build is platform dependent!
2015-10-30 10:33:15,310 [Worker-16] INFO  o.e.m.c.i.embedder.EclipseLogger - Copying 0 resource
2015-10-31 10:16:49,530 [Worker-3] WARN  o.e.m.c.i.embedder.EclipseLogger - Using platform encoding (Cp1255 actually) to copy filtered resources, i.e. build is platform dependent!
2015-10-31 10:16:49,559 [Worker-3] INFO  o.e.m.c.i.embedder.EclipseLogger - Copying 1 resource
2015-10-31 10:16:49,565 [Worker-3] WARN  o.e.m.c.i.embedder.EclipseLogger - Using platform encoding (Cp1255 actually) to copy filtered resources, i.e. build is platform dependent!
2015-10-31 10:16:49,566 [Worker-3] INFO  o.e.m.c.i.embedder.EclipseLogger - Copying 0 resource
2015-10-31 10:20:33,276 [Worker-2] WARN  o.e.m.c.i.embedder.EclipseLogger - Using platform encoding (Cp1255 actually) to copy filtered resources, i.e. build is platform dependent!
2015-10-31 10:20:33,281 [Worker-2] INFO  o.e.m.c.i.embedder.EclipseLogger - Copying 1 resource
2015-10-31 10:20:33,283 [Worker-2] WARN  o.e.m.c.i.embedder.EclipseLogger - Using platform encoding (Cp1255 actually) to copy filtered resources, i.e. build is platform dependent!
2015-10-31 10:20:33,284 [Worker-2] INFO  o.e.m.c.i.embedder.EclipseLogger - Copying 0 resource
2015-10-31 10:20:47,900 [Worker-6] WARN  o.e.m.c.i.embedder.EclipseLogger - Using platform encoding (Cp1255 actually) to copy filtered resources, i.e. build is platform dependent!
2015-10-31 10:20:47,901 [Worker-6] INFO  o.e.m.c.i.embedder.EclipseLogger - Copying 1 resource
2015-10-31 10:20:47,902 [Worker-6] WARN  o.e.m.c.i.embedder.EclipseLogger - Using platform encoding (Cp1255 actually) to copy filtered resources, i.e. build is platform dependent!
2015-10-31 10:20:47,903 [Worker-6] INFO  o.e.m.c.i.embedder.EclipseLogger - Copying 0 resource
2015-10-31 10:23:13,205 [Worker-2] WARN  o.e.m.c.i.embedder.EclipseLogger - Using platform encoding (Cp1255 actually) to copy filtered resources, i.e. build is platform dependent!
2015-10-31 10:23:13,207 [Worker-2] INFO  o.e.m.c.i.embedder.EclipseLogger - Copying 1 resource
2015-10-31 10:23:13,209 [Worker-2] WARN  o.e.m.c.i.embedder.EclipseLogger - Using platform encoding (Cp1255 actually) to copy filtered resources, i.e. build is platform dependent!
2015-10-31 10:23:13,212 [Worker-2] INFO  o.e.m.c.i.embedder.EclipseLogger - Copying 0 resource
2015-10-31 10:23:34,726 [Worker-6] WARN  o.e.m.c.i.embedder.EclipseLogger - Using platform encoding (Cp1255 actually) to copy filtered resources, i.e. build is platform dependent!
2015-10-31 10:23:34,727 [Worker-6] INFO  o.e.m.c.i.embedder.EclipseLogger - Copying 0 resource
2015-10-31 10:23:34,728 [Worker-6] WARN  o.e.m.c.i.embedder.EclipseLogger - Using platform encoding (Cp1255 actually) to copy filtered resources, i.e. build is platform dependent!
2015-10-31 10:23:34,737 [Worker-6] INFO  o.e.m.c.i.embedder.EclipseLogger - Copying 0 resource
2015-10-31 10:23:35,802 [Worker-8] WARN  o.e.m.c.i.embedder.EclipseLogger - Using platform encoding (Cp1255 actually) to copy filtered resources, i.e. build is platform dependent!
2015-10-31 10:23:35,804 [Worker-8] INFO  o.e.m.c.i.embedder.EclipseLogger - Copying 0 resource
2015-10-31 10:23:35,806 [Worker-8] WARN  o.e.m.c.i.embedder.EclipseLogger - Using platform encoding (Cp1255 actually) to copy filtered resources, i.e. build is platform dependent!
2015-10-31 10:23:35,809 [Worker-8] INFO  o.e.m.c.i.embedder.EclipseLogger - Copying 0 resource
2015-10-31 10:25:44,655 [Worker-7] WARN  o.e.m.c.i.embedder.EclipseLogger - Using platform encoding (Cp1255 actually) to copy filtered resources, i.e. build is platform dependent!
2015-10-31 10:25:44,656 [Worker-7] INFO  o.e.m.c.i.embedder.EclipseLogger - Copying 1 resource
2015-10-31 10:25:44,658 [Worker-7] WARN  o.e.m.c.i.embedder.EclipseLogger - Using platform encoding (Cp1255 actually) to copy filtered resources, i.e. build is platform dependent!
2015-10-31 10:25:44,659 [Worker-7] INFO  o.e.m.c.i.embedder.EclipseLogger - Copying 0 resource
2015-10-31 10:26:47,528 [Worker-0] WARN  o.e.m.c.i.embedder.EclipseLogger - Using platform encoding (Cp1255 actually) to copy filtered resources, i.e. build is platform dependent!
2015-10-31 10:26:47,529 [Worker-0] INFO  o.e.m.c.i.embedder.EclipseLogger - Copying 1 resource
2015-10-31 10:26:47,531 [Worker-0] WARN  o.e.m.c.i.embedder.EclipseLogger - Using platform encoding (Cp1255 actually) to copy filtered resources, i.e. build is platform dependent!
2015-10-31 10:26:47,532 [Worker-0] INFO  o.e.m.c.i.embedder.EclipseLogger - Copying 0 resource
2015-10-31 10:27:59,911 [Worker-7] WARN  o.e.m.c.i.embedder.EclipseLogger - Using platform encoding (Cp1255 actually) to copy filtered resources, i.e. build is platform dependent!
2015-10-31 10:27:59,912 [Worker-7] INFO  o.e.m.c.i.embedder.EclipseLogger - Copying 1 resource
2015-10-31 10:27:59,915 [Worker-7] WARN  o.e.m.c.i.embedder.EclipseLogger - Using platform encoding (Cp1255 actually) to copy filtered resources, i.e. build is platform dependent!
2015-10-31 10:27:59,916 [Worker-7] INFO  o.e.m.c.i.embedder.EclipseLogger - Copying 0 resource
2015-10-31 10:28:36,779 [Worker-0] WARN  o.e.m.c.i.embedder.EclipseLogger - Using platform encoding (Cp1255 actually) to copy filtered resources, i.e. build is platform dependent!
2015-10-31 10:28:36,780 [Worker-0] INFO  o.e.m.c.i.embedder.EclipseLogger - Copying 1 resource
2015-10-31 10:28:36,781 [Worker-0] WARN  o.e.m.c.i.embedder.EclipseLogger - Using platform encoding (Cp1255 actually) to copy filtered resources, i.e. build is platform dependent!
2015-10-31 10:28:36,783 [Worker-0] INFO  o.e.m.c.i.embedder.EclipseLogger - Copying 0 resource
2015-10-31 10:30:40,837 [Worker-6] WARN  o.e.m.c.i.embedder.EclipseLogger - Using platform encoding (Cp1255 actually) to copy filtered resources, i.e. build is platform dependent!
2015-10-31 10:30:40,839 [Worker-6] INFO  o.e.m.c.i.embedder.EclipseLogger - Copying 1 resource
2015-10-31 10:30:40,841 [Worker-6] WARN  o.e.m.c.i.embedder.EclipseLogger - Using platform encoding (Cp1255 actually) to copy filtered resources, i.e. build is platform dependent!
2015-10-31 10:30:40,842 [Worker-6] INFO  o.e.m.c.i.embedder.EclipseLogger - Copying 0 resource
2015-10-31 10:31:05,004 [Worker-4] WARN  o.e.m.c.i.embedder.EclipseLogger - Using platform encoding (Cp1255 actually) to copy filtered resources, i.e. build is platform dependent!
2015-10-31 10:31:05,006 [Worker-4] INFO  o.e.m.c.i.embedder.EclipseLogger - Copying 1 resource
2015-10-31 10:31:05,007 [Worker-4] WARN  o.e.m.c.i.embedder.EclipseLogger - Using platform encoding (Cp1255 actually) to copy filtered resources, i.e. build is platform dependent!
2015-10-31 10:31:05,008 [Worker-4] INFO  o.e.m.c.i.embedder.EclipseLogger - Copying 0 resource
2015-10-31 10:31:11,427 [Worker-9] WARN  o.e.m.c.i.embedder.EclipseLogger - Using platform encoding (Cp1255 actually) to copy filtered resources, i.e. build is platform dependent!
2015-10-31 10:31:11,429 [Worker-9] INFO  o.e.m.c.i.embedder.EclipseLogger - Copying 1 resource
2015-10-31 10:31:11,431 [Worker-9] WARN  o.e.m.c.i.embedder.EclipseLogger - Using platform encoding (Cp1255 actually) to copy filtered resources, i.e. build is platform dependent!
2015-10-31 10:31:11,432 [Worker-9] INFO  o.e.m.c.i.embedder.EclipseLogger - Copying 0 resource
2015-10-31 10:32:24,612 [Worker-7] WARN  o.e.m.c.i.embedder.EclipseLogger - Using platform encoding (Cp1255 actually) to copy filtered resources, i.e. build is platform dependent!
2015-10-31 10:32:24,614 [Worker-7] INFO  o.e.m.c.i.embedder.EclipseLogger - Copying 1 resource
2015-10-31 10:32:24,616 [Worker-7] WARN  o.e.m.c.i.embedder.EclipseLogger - Using platform encoding (Cp1255 actually) to copy filtered resources, i.e. build is platform dependent!
2015-10-31 10:32:24,617 [Worker-7] INFO  o.e.m.c.i.embedder.EclipseLogger - Copying 0 resource
2015-10-31 10:39:13,455 [Worker-6] WARN  o.e.m.c.i.embedder.EclipseLogger - Using platform encoding (Cp1255 actually) to copy filtered resources, i.e. build is platform dependent!
2015-10-31 10:39:13,457 [Worker-6] INFO  o.e.m.c.i.embedder.EclipseLogger - Copying 1 resource
2015-10-31 10:39:13,459 [Worker-6] WARN  o.e.m.c.i.embedder.EclipseLogger - Using platform encoding (Cp1255 actually) to copy filtered resources, i.e. build is platform dependent!
2015-10-31 10:39:13,460 [Worker-6] INFO  o.e.m.c.i.embedder.EclipseLogger - Copying 0 resource
2015-10-31 10:39:23,624 [Worker-6] WARN  o.e.m.c.i.embedder.EclipseLogger - Using platform encoding (Cp1255 actually) to copy filtered resources, i.e. build is platform dependent!
2015-10-31 10:39:23,625 [Worker-6] INFO  o.e.m.c.i.embedder.EclipseLogger - Copying 1 resource
2015-10-31 10:39:23,627 [Worker-6] WARN  o.e.m.c.i.embedder.EclipseLogger - Using platform encoding (Cp1255 actually) to copy filtered resources, i.e. build is platform dependent!
2015-10-31 10:39:23,628 [Worker-6] INFO  o.e.m.c.i.embedder.EclipseLogger - Copying 0 resource
2015-10-31 10:39:58,226 [Worker-6] WARN  o.e.m.c.i.embedder.EclipseLogger - Using platform encoding (Cp1255 actually) to copy filtered resources, i.e. build is platform dependent!
2015-10-31 10:39:58,228 [Worker-6] INFO  o.e.m.c.i.embedder.EclipseLogger - Copying 1 resource
2015-10-31 10:39:58,230 [Worker-6] WARN  o.e.m.c.i.embedder.EclipseLogger - Using platform encoding (Cp1255 actually) to copy filtered resources, i.e. build is platform dependent!
2015-10-31 10:39:58,231 [Worker-6] INFO  o.e.m.c.i.embedder.EclipseLogger - Copying 0 resource
2015-10-31 10:40:07,701 [Worker-11] WARN  o.e.m.c.i.embedder.EclipseLogger - Using platform encoding (Cp1255 actually) to copy filtered resources, i.e. build is platform dependent!
2015-10-31 10:40:07,703 [Worker-11] INFO  o.e.m.c.i.embedder.EclipseLogger - Copying 1 resource
2015-10-31 10:40:07,705 [Worker-11] WARN  o.e.m.c.i.embedder.EclipseLogger - Using platform encoding (Cp1255 actually) to copy filtered resources, i.e. build is platform dependent!
2015-10-31 10:40:07,706 [Worker-11] INFO  o.e.m.c.i.embedder.EclipseLogger - Copying 0 resource
2015-10-31 10:40:30,068 [Worker-12] WARN  o.e.m.c.i.embedder.EclipseLogger - Using platform encoding (Cp1255 actually) to copy filtered resources, i.e. build is platform dependent!
2015-10-31 10:40:30,069 [Worker-12] INFO  o.e.m.c.i.embedder.EclipseLogger - Copying 1 resource
2015-10-31 10:40:30,071 [Worker-12] WARN  o.e.m.c.i.embedder.EclipseLogger - Using platform encoding (Cp1255 actually) to copy filtered resources, i.e. build is platform dependent!
2015-10-31 10:40:30,073 [Worker-12] INFO  o.e.m.c.i.embedder.EclipseLogger - Copying 0 resource
2015-10-31 10:54:40,059 [Worker-4] WARN  o.e.m.c.i.embedder.EclipseLogger - Using platform encoding (Cp1255 actually) to copy filtered resources, i.e. build is platform dependent!
2015-10-31 10:54:40,061 [Worker-4] INFO  o.e.m.c.i.embedder.EclipseLogger - Copying 1 resource
2015-10-31 10:54:40,063 [Worker-4] WARN  o.e.m.c.i.embedder.EclipseLogger - Using platform encoding (Cp1255 actually) to copy filtered resources, i.e. build is platform dependent!
2015-10-31 10:54:40,067 [Worker-4] INFO  o.e.m.c.i.embedder.EclipseLogger - Copying 0 resource
2015-10-31 10:56:00,067 [Worker-13] WARN  o.e.m.c.i.embedder.EclipseLogger - Using platform encoding (Cp1255 actually) to copy filtered resources, i.e. build is platform dependent!
2015-10-31 10:56:00,069 [Worker-13] INFO  o.e.m.c.i.embedder.EclipseLogger - Copying 1 resource
2015-10-31 10:56:00,071 [Worker-13] WARN  o.e.m.c.i.embedder.EclipseLogger - Using platform encoding (Cp1255 actually) to copy filtered resources, i.e. build is platform dependent!
2015-10-31 10:56:00,072 [Worker-13] INFO  o.e.m.c.i.embedder.EclipseLogger - Copying 0 resource
2015-10-31 10:57:43,431 [Worker-6] WARN  o.e.m.c.i.embedder.EclipseLogger - Using platform encoding (Cp1255 actually) to copy filtered resources, i.e. build is platform dependent!
2015-10-31 10:57:43,432 [Worker-6] INFO  o.e.m.c.i.embedder.EclipseLogger - Copying 1 resource
2015-10-31 10:57:43,434 [Worker-6] WARN  o.e.m.c.i.embedder.EclipseLogger - Using platform encoding (Cp1255 actually) to copy filtered resources, i.e. build is platform dependent!
2015-10-31 10:57:43,435 [Worker-6] INFO  o.e.m.c.i.embedder.EclipseLogger - Copying 0 resource
2015-10-31 10:57:50,865 [Worker-13] WARN  o.e.m.c.i.embedder.EclipseLogger - Using platform encoding (Cp1255 actually) to copy filtered resources, i.e. build is platform dependent!
2015-10-31 10:57:50,866 [Worker-13] INFO  o.e.m.c.i.embedder.EclipseLogger - Copying 1 resource
2015-10-31 10:57:50,868 [Worker-13] WARN  o.e.m.c.i.embedder.EclipseLogger - Using platform encoding (Cp1255 actually) to copy filtered resources, i.e. build is platform dependent!
2015-10-31 10:57:50,868 [Worker-13] INFO  o.e.m.c.i.embedder.EclipseLogger - Copying 0 resource
2015-10-31 11:00:06,814 [Worker-13] WARN  o.e.m.c.i.embedder.EclipseLogger - Using platform encoding (Cp1255 actually) to copy filtered resources, i.e. build is platform dependent!
2015-10-31 11:00:06,816 [Worker-13] INFO  o.e.m.c.i.embedder.EclipseLogger - Copying 1 resource
2015-10-31 11:00:06,817 [Worker-13] WARN  o.e.m.c.i.embedder.EclipseLogger - Using platform encoding (Cp1255 actually) to copy filtered resources, i.e. build is platform dependent!
2015-10-31 11:00:06,818 [Worker-13] INFO  o.e.m.c.i.embedder.EclipseLogger - Copying 0 resource
2015-10-31 11:01:55,910 [Worker-6] WARN  o.e.m.c.i.embedder.EclipseLogger - Using platform encoding (Cp1255 actually) to copy filtered resources, i.e. build is platform dependent!
2015-10-31 11:01:55,911 [Worker-6] INFO  o.e.m.c.i.embedder.EclipseLogger - Copying 1 resource
2015-10-31 11:01:55,912 [Worker-6] WARN  o.e.m.c.i.embedder.EclipseLogger - Using platform encoding (Cp1255 actually) to copy filtered resources, i.e. build is platform dependent!
2015-10-31 11:01:55,913 [Worker-6] INFO  o.e.m.c.i.embedder.EclipseLogger - Copying 0 resource
2015-10-31 11:02:38,208 [Worker-6] WARN  o.e.m.c.i.embedder.EclipseLogger - Using platform encoding (Cp1255 actually) to copy filtered resources, i.e. build is platform dependent!
2015-10-31 11:02:38,210 [Worker-6] INFO  o.e.m.c.i.embedder.EclipseLogger - Copying 1 resource
2015-10-31 11:02:38,211 [Worker-6] WARN  o.e.m.c.i.embedder.EclipseLogger - Using platform encoding (Cp1255 actually) to copy filtered resources, i.e. build is platform dependent!
2015-10-31 11:02:38,213 [Worker-6] INFO  o.e.m.c.i.embedder.EclipseLogger - Copying 0 resource
2015-10-31 11:02:46,186 [Worker-18] WARN  o.e.m.c.i.embedder.EclipseLogger - Using platform encoding (Cp1255 actually) to copy filtered resources, i.e. build is platform dependent!
2015-10-31 11:02:46,188 [Worker-18] INFO  o.e.m.c.i.embedder.EclipseLogger - Copying 1 resource
2015-10-31 11:02:46,190 [Worker-18] WARN  o.e.m.c.i.embedder.EclipseLogger - Using platform encoding (Cp1255 actually) to copy filtered resources, i.e. build is platform dependent!
2015-10-31 11:02:46,191 [Worker-18] INFO  o.e.m.c.i.embedder.EclipseLogger - Copying 0 resource
2015-10-31 11:06:39,985 [Worker-17] WARN  o.e.m.c.i.embedder.EclipseLogger - Using platform encoding (Cp1255 actually) to copy filtered resources, i.e. build is platform dependent!
2015-10-31 11:06:39,987 [Worker-17] INFO  o.e.m.c.i.embedder.EclipseLogger - Copying 1 resource
2015-10-31 11:06:39,989 [Worker-17] WARN  o.e.m.c.i.embedder.EclipseLogger - Using platform encoding (Cp1255 actually) to copy filtered resources, i.e. build is platform dependent!
2015-10-31 11:06:39,990 [Worker-17] INFO  o.e.m.c.i.embedder.EclipseLogger - Copying 0 resource
2015-10-31 11:07:31,177 [Worker-6] WARN  o.e.m.c.i.embedder.EclipseLogger - Using platform encoding (Cp1255 actually) to copy filtered resources, i.e. build is platform dependent!
2015-10-31 11:07:31,181 [Worker-6] INFO  o.e.m.c.i.embedder.EclipseLogger - Copying 1 resource
2015-10-31 11:07:31,184 [Worker-6] WARN  o.e.m.c.i.embedder.EclipseLogger - Using platform encoding (Cp1255 actually) to copy filtered resources, i.e. build is platform dependent!
2015-10-31 11:07:31,186 [Worker-6] INFO  o.e.m.c.i.embedder.EclipseLogger - Copying 0 resource
2015-10-31 11:08:17,352 [Worker-13] WARN  o.e.m.c.i.embedder.EclipseLogger - Using platform encoding (Cp1255 actually) to copy filtered resources, i.e. build is platform dependent!
2015-10-31 11:08:17,354 [Worker-13] INFO  o.e.m.c.i.embedder.EclipseLogger - Copying 1 resource
2015-10-31 11:08:17,356 [Worker-13] WARN  o.e.m.c.i.embedder.EclipseLogger - Using platform encoding (Cp1255 actually) to copy filtered resources, i.e. build is platform dependent!
2015-10-31 11:08:17,357 [Worker-13] INFO  o.e.m.c.i.embedder.EclipseLogger - Copying 0 resource
2015-10-31 11:08:56,848 [Worker-6] WARN  o.e.m.c.i.embedder.EclipseLogger - Using platform encoding (Cp1255 actually) to copy filtered resources, i.e. build is platform dependent!
2015-10-31 11:08:56,850 [Worker-6] INFO  o.e.m.c.i.embedder.EclipseLogger - Copying 1 resource
2015-10-31 11:08:56,852 [Worker-6] WARN  o.e.m.c.i.embedder.EclipseLogger - Using platform encoding (Cp1255 actually) to copy filtered resources, i.e. build is platform dependent!
2015-10-31 11:08:56,853 [Worker-6] INFO  o.e.m.c.i.embedder.EclipseLogger - Copying 0 resource
2015-10-31 11:09:11,192 [Worker-6] WARN  o.e.m.c.i.embedder.EclipseLogger - Using platform encoding (Cp1255 actually) to copy filtered resources, i.e. build is platform dependent!
2015-10-31 11:09:11,194 [Worker-6] INFO  o.e.m.c.i.embedder.EclipseLogger - Copying 1 resource
2015-10-31 11:09:11,195 [Worker-6] WARN  o.e.m.c.i.embedder.EclipseLogger - Using platform encoding (Cp1255 actually) to copy filtered resources, i.e. build is platform dependent!
2015-10-31 11:09:11,196 [Worker-6] INFO  o.e.m.c.i.embedder.EclipseLogger - Copying 0 resource
2015-10-31 11:09:36,624 [Worker-15] WARN  o.e.m.c.i.embedder.EclipseLogger - Using platform encoding (Cp1255 actually) to copy filtered resources, i.e. build is platform dependent!
2015-10-31 11:09:36,625 [Worker-15] INFO  o.e.m.c.i.embedder.EclipseLogger - Copying 1 resource
2015-10-31 11:09:36,626 [Worker-15] WARN  o.e.m.c.i.embedder.EclipseLogger - Using platform encoding (Cp1255 actually) to copy filtered resources, i.e. build is platform dependent!
2015-10-31 11:09:36,628 [Worker-15] INFO  o.e.m.c.i.embedder.EclipseLogger - Copying 0 resource
2015-10-31 11:09:53,791 [Worker-15] WARN  o.e.m.c.i.embedder.EclipseLogger - Using platform encoding (Cp1255 actually) to copy filtered resources, i.e. build is platform dependent!
2015-10-31 11:09:53,792 [Worker-15] INFO  o.e.m.c.i.embedder.EclipseLogger - Copying 1 resource
2015-10-31 11:09:53,794 [Worker-15] WARN  o.e.m.c.i.embedder.EclipseLogger - Using platform encoding (Cp1255 actually) to copy filtered resources, i.e. build is platform dependent!
2015-10-31 11:09:53,795 [Worker-15] INFO  o.e.m.c.i.embedder.EclipseLogger - Copying 0 resource
2015-10-31 11:10:57,366 [Worker-15] WARN  o.e.m.c.i.embedder.EclipseLogger - Using platform encoding (Cp1255 actually) to copy filtered resources, i.e. build is platform dependent!
2015-10-31 11:10:57,367 [Worker-15] INFO  o.e.m.c.i.embedder.EclipseLogger - Copying 1 resource
2015-10-31 11:10:57,370 [Worker-15] WARN  o.e.m.c.i.embedder.EclipseLogger - Using platform encoding (Cp1255 actually) to copy filtered resources, i.e. build is platform dependent!
2015-10-31 11:10:57,370 [Worker-15] INFO  o.e.m.c.i.embedder.EclipseLogger - Copying 0 resource
2015-10-31 11:11:22,432 [Worker-15] WARN  o.e.m.c.i.embedder.EclipseLogger - Using platform encoding (Cp1255 actually) to copy filtered resources, i.e. build is platform dependent!
2015-10-31 11:11:22,434 [Worker-15] INFO  o.e.m.c.i.embedder.EclipseLogger - Copying 1 resource
2015-10-31 11:11:22,435 [Worker-15] WARN  o.e.m.c.i.embedder.EclipseLogger - Using platform encoding (Cp1255 actually) to copy filtered resources, i.e. build is platform dependent!
2015-10-31 11:11:22,437 [Worker-15] INFO  o.e.m.c.i.embedder.EclipseLogger - Copying 0 resource
2015-10-31 11:12:51,894 [Worker-13] WARN  o.e.m.c.i.embedder.EclipseLogger - Using platform encoding (Cp1255 actually) to copy filtered resources, i.e. build is platform dependent!
2015-10-31 11:12:51,895 [Worker-13] INFO  o.e.m.c.i.embedder.EclipseLogger - Copying 1 resource
2015-10-31 11:12:51,897 [Worker-13] WARN  o.e.m.c.i.embedder.EclipseLogger - Using platform encoding (Cp1255 actually) to copy filtered resources, i.e. build is platform dependent!
2015-10-31 11:12:51,898 [Worker-13] INFO  o.e.m.c.i.embedder.EclipseLogger - Copying 0 resource
2015-10-31 11:13:08,318 [Worker-6] WARN  o.e.m.c.i.embedder.EclipseLogger - Using platform encoding (Cp1255 actually) to copy filtered resources, i.e. build is platform dependent!
2015-10-31 11:13:08,320 [Worker-6] INFO  o.e.m.c.i.embedder.EclipseLogger - Copying 1 resource
2015-10-31 11:13:08,322 [Worker-6] WARN  o.e.m.c.i.embedder.EclipseLogger - Using platform encoding (Cp1255 actually) to copy filtered resources, i.e. build is platform dependent!
2015-10-31 11:13:08,322 [Worker-6] INFO  o.e.m.c.i.embedder.EclipseLogger - Copying 0 resource
2015-10-31 11:13:14,885 [Worker-6] WARN  o.e.m.c.i.embedder.EclipseLogger - Using platform encoding (Cp1255 actually) to copy filtered resources, i.e. build is platform dependent!
2015-10-31 11:13:14,887 [Worker-6] INFO  o.e.m.c.i.embedder.EclipseLogger - Copying 1 resource
2015-10-31 11:13:14,888 [Worker-6] WARN  o.e.m.c.i.embedder.EclipseLogger - Using platform encoding (Cp1255 actually) to copy filtered resources, i.e. build is platform dependent!
2015-10-31 11:13:14,889 [Worker-6] INFO  o.e.m.c.i.embedder.EclipseLogger - Copying 0 resource
2015-10-31 11:16:49,825 [Worker-21] WARN  o.e.m.c.i.embedder.EclipseLogger - Using platform encoding (Cp1255 actually) to copy filtered resources, i.e. build is platform dependent!
2015-10-31 11:16:49,826 [Worker-21] INFO  o.e.m.c.i.embedder.EclipseLogger - Copying 1 resource
2015-10-31 11:16:49,827 [Worker-21] WARN  o.e.m.c.i.embedder.EclipseLogger - Using platform encoding (Cp1255 actually) to copy filtered resources, i.e. build is platform dependent!
2015-10-31 11:16:49,828 [Worker-21] INFO  o.e.m.c.i.embedder.EclipseLogger - Copying 0 resource
2015-10-31 11:17:31,407 [Worker-6] WARN  o.e.m.c.i.embedder.EclipseLogger - Using platform encoding (Cp1255 actually) to copy filtered resources, i.e. build is platform dependent!
2015-10-31 11:17:31,408 [Worker-6] INFO  o.e.m.c.i.embedder.EclipseLogger - Copying 1 resource
2015-10-31 11:17:31,409 [Worker-6] WARN  o.e.m.c.i.embedder.EclipseLogger - Using platform encoding (Cp1255 actually) to copy filtered resources, i.e. build is platform dependent!
2015-10-31 11:17:31,410 [Worker-6] INFO  o.e.m.c.i.embedder.EclipseLogger - Copying 0 resource
2015-10-31 11:17:40,046 [Worker-20] WARN  o.e.m.c.i.embedder.EclipseLogger - Using platform encoding (Cp1255 actually) to copy filtered resources, i.e. build is platform dependent!
2015-10-31 11:17:40,048 [Worker-20] INFO  o.e.m.c.i.embedder.EclipseLogger - Copying 1 resource
2015-10-31 11:17:40,050 [Worker-20] WARN  o.e.m.c.i.embedder.EclipseLogger - Using platform encoding (Cp1255 actually) to copy filtered resources, i.e. build is platform dependent!
2015-10-31 11:17:40,053 [Worker-20] INFO  o.e.m.c.i.embedder.EclipseLogger - Copying 0 resource
2015-10-31 11:19:30,363 [Worker-21] WARN  o.e.m.c.i.embedder.EclipseLogger - Using platform encoding (Cp1255 actually) to copy filtered resources, i.e. build is platform dependent!
2015-10-31 11:19:30,364 [Worker-21] INFO  o.e.m.c.i.embedder.EclipseLogger - Copying 1 resource
2015-10-31 11:19:30,366 [Worker-21] WARN  o.e.m.c.i.embedder.EclipseLogger - Using platform encoding (Cp1255 actually) to copy filtered resources, i.e. build is platform dependent!
2015-10-31 11:19:30,368 [Worker-21] INFO  o.e.m.c.i.embedder.EclipseLogger - Copying 0 resource
2015-10-31 11:20:05,047 [Worker-13] WARN  o.e.m.c.i.embedder.EclipseLogger - Using platform encoding (Cp1255 actually) to copy filtered resources, i.e. build is platform dependent!
2015-10-31 11:20:05,049 [Worker-13] INFO  o.e.m.c.i.embedder.EclipseLogger - Copying 1 resource
2015-10-31 11:20:05,051 [Worker-13] WARN  o.e.m.c.i.embedder.EclipseLogger - Using platform encoding (Cp1255 actually) to copy filtered resources, i.e. build is platform dependent!
2015-10-31 11:20:05,052 [Worker-13] INFO  o.e.m.c.i.embedder.EclipseLogger - Copying 0 resource
2015-10-31 11:21:56,225 [Worker-21] WARN  o.e.m.c.i.embedder.EclipseLogger - Using platform encoding (Cp1255 actually) to copy filtered resources, i.e. build is platform dependent!
2015-10-31 11:21:56,226 [Worker-21] INFO  o.e.m.c.i.embedder.EclipseLogger - Copying 1 resource
2015-10-31 11:21:56,229 [Worker-21] WARN  o.e.m.c.i.embedder.EclipseLogger - Using platform encoding (Cp1255 actually) to copy filtered resources, i.e. build is platform dependent!
2015-10-31 11:21:56,230 [Worker-21] INFO  o.e.m.c.i.embedder.EclipseLogger - Copying 0 resource
2015-10-31 11:21:57,295 [Worker-6] WARN  o.e.m.c.i.embedder.EclipseLogger - Using platform encoding (Cp1255 actually) to copy filtered resources, i.e. build is platform dependent!
2015-10-31 11:21:57,297 [Worker-6] INFO  o.e.m.c.i.embedder.EclipseLogger - Copying 0 resource
2015-10-31 11:21:57,300 [Worker-6] WARN  o.e.m.c.i.embedder.EclipseLogger - Using platform encoding (Cp1255 actually) to copy filtered resources, i.e. build is platform dependent!
2015-10-31 11:21:57,301 [Worker-6] INFO  o.e.m.c.i.embedder.EclipseLogger - Copying 0 resource
